# JRE version: Java(TM) SE Runtime Environment 18.9 (11.0.14+8) (build 11.0.14+8-LTS-263)
# Java VM: Java HotSpot(TM) 64-Bit Server VM 18.9 (11.0.14+8-LTS-263, mixed mode, tiered, compressed oops, g1 gc, windows-amd64)
Heap:
 garbage-first heap   total 131072K, used 98006K [0x0000000081800000, 0x0000000100000000)
  region size 1024K, 37 young (37888K), 5 survivors (5120K)
 Metaspace       used 41185K, capacity 42393K, committed 42540K, reserved 1087488K
  class space    used 4659K, capacity 5158K, committed 5248K, reserved 1048576K
GC Heap History (10 events):
Event: 31.079 GC heap before
{Heap before GC invocations=11 (full 0):
 garbage-first heap   total 131072K, used 99328K [0x0000000081800000, 0x0000000100000000)
  region size 1024K, 61 young (62464K), 8 survivors (8192K)
 Metaspace       used 32054K, capacity 32970K, committed 33152K, reserved 1079296K
  class space    used 3477K, capacity 3884K, committed 3968K, reserved 1048576K
}
Event: 31.121 GC heap after
{Heap after GC invocations=12 (full 0):
 garbage-first heap   total 131072K, used 50588K [0x0000000081800000, 0x0000000100000000)
  region size 1024K, 6 young (6144K), 6 survivors (6144K)
 Metaspace       used 32054K, capacity 32970K, committed 33152K, reserved 1079296K
  class space    used 3477K, capacity 3884K, committed 3968K, reserved 1048576K
}
Event: 31.973 GC heap before
{Heap before GC invocations=12 (full 0):
 garbage-first heap   total 131072K, used 72092K [0x0000000081800000, 0x0000000100000000)
  region size 1024K, 28 young (28672K), 6 survivors (6144K)
 Metaspace       used 34580K, capacity 35537K, committed 35628K, reserved 1081344K
  class space    used 3754K, capacity 4179K, committed 4224K, reserved 1048576K
}
Event: 31.995 GC heap after
{Heap after GC invocations=13 (full 0):
 garbage-first heap   total 131072K, used 52349K [0x0000000081800000, 0x0000000100000000)
  region size 1024K, 3 young (3072K), 3 survivors (3072K)
 Metaspace       used 34580K, capacity 35537K, committed 35628K, reserved 1081344K
  class space    used 3754K, capacity 4179K, committed 4224K, reserved 1048576K
}
Event: 34.507 GC heap before
{Heap before GC invocations=14 (full 0):
 garbage-first heap   total 131072K, used 102525K [0x0000000081800000, 0x0000000100000000)
  region size 1024K, 52 young (53248K), 3 survivors (3072K)
 Metaspace       used 37373K, capacity 38457K, committed 38572K, reserved 1083392K
  class space    used 4127K, capacity 4565K, committed 4608K, reserved 1048576K
}
Event: 34.528 GC heap after
{Heap after GC invocations=15 (full 0):
 garbage-first heap   total 131072K, used 56515K [0x0000000081800000, 0x0000000100000000)
  region size 1024K, 7 young (7168K), 7 survivors (7168K)
 Metaspace       used 37373K, capacity 38457K, committed 38572K, reserved 1083392K
  class space    used 4127K, capacity 4565K, committed 4608K, reserved 1048576K
}
Event: 40.660 GC heap before
{Heap before GC invocations=15 (full 0):
 garbage-first heap   total 131072K, used 103619K [0x0000000081800000, 0x0000000100000000)
  region size 1024K, 53 young (54272K), 7 survivors (7168K)
 Metaspace       used 39211K, capacity 40365K, committed 40492K, reserved 1085440K
  class space    used 4367K, capacity 4865K, committed 4992K, reserved 1048576K
}
Event: 40.686 GC heap after
{Heap after GC invocations=16 (full 0):
 garbage-first heap   total 131072K, used 60344K [0x0000000081800000, 0x0000000100000000)
  region size 1024K, 4 young (4096K), 4 survivors (4096K)
 Metaspace       used 39211K, capacity 40365K, committed 40492K, reserved 1085440K
  class space    used 4367K, capacity 4865K, committed 4992K, reserved 1048576K
}
Event: 41.159 GC heap before
{Heap before GC invocations=16 (full 0):
 garbage-first heap   total 131072K, used 73656K [0x0000000081800000, 0x0000000100000000)
  region size 1024K, 18 young (18432K), 4 survivors (4096K)
 Metaspace       used 39898K, capacity 41040K, committed 41260K, reserved 1085440K
  class space    used 4468K, capacity 4962K, committed 4992K, reserved 1048576K
}
Event: 41.173 GC heap after
{Heap after GC invocations=17 (full 0):
 garbage-first heap   total 131072K, used 61142K [0x0000000081800000, 0x0000000100000000)
  region size 1024K, 5 young (5120K), 5 survivors (5120K)
 Metaspace       used 39898K, capacity 41040K, committed 41260K, reserved 1085440K
  class space    used 4468K, capacity 4962K, committed 4992K, reserved 1048576K
}

