# JRE version: Java(TM) SE Runtime Environment 18.9 (11.0.14+8) (build 11.0.14+8-LTS-263)
# Java VM: Java HotSpot(TM) 64-Bit Server VM 18.9 (11.0.14+8-LTS-263, mixed mode, tiered, compressed oops, g1 gc, windows-amd64)
Heap:
 garbage-first heap   total 157696K, used 34193K [0x0000000081800000, 0x0000000100000000)
  region size 1024K, 6 young (6144K), 6 survivors (6144K)
 Metaspace       used 24119K, capacity 24713K, committed 24956K, reserved 1071104K
  class space    used 2366K, capacity 2623K, committed 2688K, reserved 1048576K
GC Heap History (10 events):
Event: 2.482 GC heap after
{Heap after GC invocations=2 (full 0):
 garbage-first heap   total 131072K, used 10352K [0x0000000081800000, 0x0000000100000000)
  region size 1024K, 1 young (1024K), 1 survivors (1024K)
 Metaspace       used 9205K, capacity 9416K, committed 9728K, reserved 1058816K
  class space    used 852K, capacity 928K, committed 1024K, reserved 1048576K
}
Event: 3.061 GC heap before
{Heap before GC invocations=2 (full 0):
 garbage-first heap   total 131072K, used 30832K [0x0000000081800000, 0x0000000100000000)
  region size 1024K, 22 young (22528K), 1 survivors (1024K)
 Metaspace       used 11179K, capacity 11371K, committed 11520K, reserved 1058816K
  class space    used 1062K, capacity 1153K, committed 1280K, reserved 1048576K
}
Event: 3.064 GC heap after
{Heap after GC invocations=3 (full 0):
 garbage-first heap   total 131072K, used 10605K [0x0000000081800000, 0x0000000100000000)
  region size 1024K, 1 young (1024K), 1 survivors (1024K)
 Metaspace       used 11179K, capacity 11371K, committed 11520K, reserved 1058816K
  class space    used 1062K, capacity 1153K, committed 1280K, reserved 1048576K
}
Event: 12.040 GC heap before
{Heap before GC invocations=3 (full 0):
 garbage-first heap   total 131072K, used 87405K [0x0000000081800000, 0x0000000100000000)
  region size 1024K, 76 young (77824K), 1 survivors (1024K)
 Metaspace       used 18095K, capacity 18303K, committed 18432K, reserved 1067008K
  class space    used 1670K, capacity 1762K, committed 1792K, reserved 1048576K
}
Event: 12.069 GC heap after
{Heap after GC invocations=4 (full 0):
 garbage-first heap   total 131072K, used 20068K [0x0000000081800000, 0x0000000100000000)
  region size 1024K, 10 young (10240K), 10 survivors (10240K)
 Metaspace       used 18095K, capacity 18303K, committed 18432K, reserved 1067008K
  class space    used 1670K, capacity 1762K, committed 1792K, reserved 1048576K
}
Event: 13.448 GC heap before
{Heap before GC invocations=4 (full 0):
 garbage-first heap   total 131072K, used 81508K [0x0000000081800000, 0x0000000100000000)
  region size 1024K, 70 young (71680K), 10 survivors (10240K)
 Metaspace       used 19864K, capacity 20128K, committed 20480K, reserved 1067008K
  class space    used 1800K, capacity 1922K, committed 2048K, reserved 1048576K
}
Event: 13.501 GC heap after
{Heap after GC invocations=5 (full 0):
 garbage-first heap   total 131072K, used 28247K [0x0000000081800000, 0x0000000100000000)
  region size 1024K, 9 young (9216K), 9 survivors (9216K)
 Metaspace       used 19864K, capacity 20128K, committed 20480K, reserved 1067008K
  class space    used 1800K, capacity 1922K, committed 2048K, reserved 1048576K
}
Event: 14.346 GC heap before
{Heap before GC invocations=5 (full 0):
 garbage-first heap   total 131072K, used 63063K [0x0000000081800000, 0x0000000100000000)
  region size 1024K, 44 young (45056K), 9 survivors (9216K)
 Metaspace       used 20942K, capacity 21184K, committed 21248K, reserved 1069056K
  class space    used 1917K, capacity 2018K, committed 2048K, reserved 1048576K
}
Event: 14.371 GC heap after
{Heap after GC invocations=6 (full 0):
 garbage-first heap   total 131072K, used 31168K [0x0000000081800000, 0x0000000100000000)
  region size 1024K, 3 young (3072K), 3 survivors (3072K)
 Metaspace       used 20942K, capacity 21184K, committed 21248K, reserved 1069056K
  class space    used 1917K, capacity 2018K, committed 2048K, reserved 1048576K
}
Event: 16.843 GC heap before
{Heap before GC invocations=7 (full 0):
 garbage-first heap   total 131072K, used 91584K [0x0000000081800000, 0x0000000100000000)
  region size 1024K, 62 young (63488K), 3 survivors (3072K)
 Metaspace       used 24119K, capacity 24713K, committed 24956K, reserved 1071104K
  class space    used 2366K, capacity 2623K, committed 2688K, reserved 1048576K
}

