# JRE version: Java(TM) SE Runtime Environment 18.9 (11.0.14+8) (build 11.0.14+8-LTS-263)
# Java VM: Java HotSpot(TM) 64-Bit Server VM 18.9 (11.0.14+8-LTS-263, mixed mode, tiered, compressed oops, g1 gc, windows-amd64)
Heap:
 garbage-first heap   total 131072K, used 19223K [0x0000000081800000, 0x0000000100000000)
  region size 1024K, 11 young (11264K), 8 survivors (8192K)
 Metaspace       used 17981K, capacity 18239K, committed 18432K, reserved 1067008K
  class space    used 1660K, capacity 1762K, committed 1792K, reserved 1048576K
GC Heap History (8 events):
Event: 11.711 GC heap before
{Heap before GC invocations=0 (full 0):
 garbage-first heap   total 131072K, used 15360K [0x0000000081800000, 0x0000000100000000)
  region size 1024K, 14 young (14336K), 0 survivors (0K)
 Metaspace       used 7232K, capacity 7372K, committed 7680K, reserved 1056768K
  class space    used 645K, capacity 691K, committed 768K, reserved 1048576K
}
Event: 11.720 GC heap after
{Heap after GC invocations=1 (full 0):
 garbage-first heap   total 131072K, used 9678K [0x0000000081800000, 0x0000000100000000)
  region size 1024K, 2 young (2048K), 2 survivors (2048K)
 Metaspace       used 7232K, capacity 7372K, committed 7680K, reserved 1056768K
  class space    used 645K, capacity 691K, committed 768K, reserved 1048576K
}
Event: 12.239 GC heap before
{Heap before GC invocations=1 (full 0):
 garbage-first heap   total 131072K, used 15822K [0x0000000081800000, 0x0000000100000000)
  region size 1024K, 8 young (8192K), 2 survivors (2048K)
 Metaspace       used 7930K, capacity 8027K, committed 8192K, reserved 1056768K
  class space    used 704K, capacity 759K, committed 768K, reserved 1048576K
}
Event: 12.244 GC heap after
{Heap after GC invocations=2 (full 0):
 garbage-first heap   total 131072K, used 9739K [0x0000000081800000, 0x0000000100000000)
  region size 1024K, 1 young (1024K), 1 survivors (1024K)
 Metaspace       used 7930K, capacity 8027K, committed 8192K, reserved 1056768K
  class space    used 704K, capacity 759K, committed 768K, reserved 1048576K
}
Event: 14.923 GC heap before
{Heap before GC invocations=2 (full 0):
 garbage-first heap   total 131072K, used 31243K [0x0000000081800000, 0x0000000100000000)
  region size 1024K, 22 young (22528K), 1 survivors (1024K)
 Metaspace       used 10965K, capacity 11147K, committed 11392K, reserved 1058816K
  class space    used 1045K, capacity 1121K, committed 1152K, reserved 1048576K
}
Event: 14.926 GC heap after
{Heap after GC invocations=3 (full 0):
 garbage-first heap   total 131072K, used 10260K [0x0000000081800000, 0x0000000100000000)
  region size 1024K, 1 young (1024K), 1 survivors (1024K)
 Metaspace       used 10965K, capacity 11147K, committed 11392K, reserved 1058816K
  class space    used 1045K, capacity 1121K, committed 1152K, reserved 1048576K
}
Event: 24.347 GC heap before
{Heap before GC invocations=3 (full 0):
 garbage-first heap   total 131072K, used 79892K [0x0000000081800000, 0x0000000100000000)
  region size 1024K, 69 young (70656K), 1 survivors (1024K)
 Metaspace       used 17963K, capacity 18239K, committed 18432K, reserved 1067008K
  class space    used 1659K, capacity 1762K, committed 1792K, reserved 1048576K
}
Event: 24.381 GC heap after
{Heap after GC invocations=4 (full 0):
 garbage-first heap   total 131072K, used 17175K [0x0000000081800000, 0x0000000100000000)
  region size 1024K, 8 young (8192K), 8 survivors (8192K)
 Metaspace       used 17963K, capacity 18239K, committed 18432K, reserved 1067008K
  class space    used 1659K, capacity 1762K, committed 1792K, reserved 1048576K
}

