# JRE version: Java(TM) SE Runtime Environment 18.9 (11.0.14+8) (build 11.0.14+8-LTS-263)
# Java VM: Java HotSpot(TM) 64-Bit Server VM 18.9 (11.0.14+8-LTS-263, mixed mode, tiered, compressed oops, g1 gc, windows-amd64)
Heap:
 garbage-first heap   total 131072K, used 98410K [0x0000000081800000, 0x0000000100000000)
  region size 1024K, 14 young (14336K), 2 survivors (2048K)
 Metaspace       used 54438K, capacity 55938K, committed 56064K, reserved 1097728K
  class space    used 6433K, capacity 7105K, committed 7168K, reserved 1048576K
GC Heap History (10 events):
Event: 143.368 GC heap before
{Heap before GC invocations=14 (full 0):
 garbage-first heap   total 131072K, used 86633K [0x0000000081800000, 0x0000000100000000)
  region size 1024K, 31 young (31744K), 6 survivors (6144K)
 Metaspace       used 54013K, capacity 55501K, committed 55808K, reserved 1097728K
  class space    used 6426K, capacity 7093K, committed 7168K, reserved 1048576K
}
Event: 143.381 GC heap after
{Heap after GC invocations=15 (full 0):
 garbage-first heap   total 131072K, used 49001K [0x0000000081800000, 0x0000000100000000)
  region size 1024K, 4 young (4096K), 4 survivors (4096K)
 Metaspace       used 54013K, capacity 55501K, committed 55808K, reserved 1097728K
  class space    used 6426K, capacity 7093K, committed 7168K, reserved 1048576K
}
Event: 222.610 GC heap before
{Heap before GC invocations=16 (full 0):
 garbage-first heap   total 131072K, used 92009K [0x0000000081800000, 0x0000000100000000)
  region size 1024K, 34 young (34816K), 4 survivors (4096K)
 Metaspace       used 54165K, capacity 55706K, committed 56064K, reserved 1097728K
  class space    used 6428K, capacity 7095K, committed 7168K, reserved 1048576K
}
Event: 222.622 GC heap after
{Heap after GC invocations=17 (full 0):
 garbage-first heap   total 131072K, used 56424K [0x0000000081800000, 0x0000000100000000)
  region size 1024K, 4 young (4096K), 4 survivors (4096K)
 Metaspace       used 54165K, capacity 55706K, committed 56064K, reserved 1097728K
  class space    used 6428K, capacity 7095K, committed 7168K, reserved 1048576K
}
Event: 228.022 GC heap before
{Heap before GC invocations=18 (full 0):
 garbage-first heap   total 131072K, used 84072K [0x0000000081800000, 0x0000000100000000)
  region size 1024K, 12 young (12288K), 4 survivors (4096K)
 Metaspace       used 54169K, capacity 55677K, committed 56064K, reserved 1097728K
  class space    used 6421K, capacity 7084K, committed 7168K, reserved 1048576K
}
Event: 228.030 GC heap after
{Heap after GC invocations=19 (full 0):
 garbage-first heap   total 131072K, used 56401K [0x0000000081800000, 0x0000000100000000)
  region size 1024K, 2 young (2048K), 2 survivors (2048K)
 Metaspace       used 54169K, capacity 55677K, committed 56064K, reserved 1097728K
  class space    used 6421K, capacity 7084K, committed 7168K, reserved 1048576K
}
Event: 231.151 GC heap before
{Heap before GC invocations=20 (full 0):
 garbage-first heap   total 131072K, used 62545K [0x0000000081800000, 0x0000000100000000)
  region size 1024K, 4 young (4096K), 2 survivors (2048K)
 Metaspace       used 54177K, capacity 55677K, committed 56064K, reserved 1097728K
  class space    used 6421K, capacity 7084K, committed 7168K, reserved 1048576K
}
Event: 231.160 GC heap after
{Heap after GC invocations=21 (full 0):
 garbage-first heap   total 131072K, used 60971K [0x0000000081800000, 0x0000000100000000)
  region size 1024K, 2 young (2048K), 2 survivors (2048K)
 Metaspace       used 54177K, capacity 55677K, committed 56064K, reserved 1097728K
  class space    used 6421K, capacity 7084K, committed 7168K, reserved 1048576K
}
Event: 331.426 GC heap before
{Heap before GC invocations=22 (full 0):
 garbage-first heap   total 131072K, used 84523K [0x0000000081800000, 0x0000000100000000)
  region size 1024K, 22 young (22528K), 2 survivors (2048K)
 Metaspace       used 54369K, capacity 55872K, committed 56064K, reserved 1097728K
  class space    used 6433K, capacity 7105K, committed 7168K, reserved 1048576K
}
Event: 331.433 GC heap after
{Heap after GC invocations=23 (full 0):
 garbage-first heap   total 131072K, used 66666K [0x0000000081800000, 0x0000000100000000)
  region size 1024K, 2 young (2048K), 2 survivors (2048K)
 Metaspace       used 54369K, capacity 55872K, committed 56064K, reserved 1097728K
  class space    used 6433K, capacity 7105K, committed 7168K, reserved 1048576K
}

