# JRE version: Java(TM) SE Runtime Environment 18.9 (11.0.14+8) (build 11.0.14+8-LTS-263)
# Java VM: Java HotSpot(TM) 64-Bit Server VM 18.9 (11.0.14+8-LTS-263, mixed mode, tiered, compressed oops, g1 gc, windows-amd64)
Heap:
 garbage-first heap   total 131072K, used 95469K [0x0000000081800000, 0x0000000100000000)
  region size 1024K, 40 young (40960K), 8 survivors (8192K)
 Metaspace       used 40411K, capacity 41575K, committed 41592K, reserved 1085440K
  class space    used 4552K, capacity 5059K, committed 5068K, reserved 1048576K
GC Heap History (10 events):
Event: 41.402 GC heap before
{Heap before GC invocations=9 (full 0):
 garbage-first heap   total 131072K, used 94535K [0x0000000081800000, 0x0000000100000000)
  region size 1024K, 72 young (73728K), 8 survivors (8192K)
 Metaspace       used 27541K, capacity 28391K, committed 28672K, reserved 1075200K
  class space    used 2914K, capacity 3295K, committed 3328K, reserved 1048576K
}
Event: 41.431 GC heap after
{Heap after GC invocations=10 (full 0):
 garbage-first heap   total 131072K, used 35481K [0x0000000081800000, 0x0000000100000000)
  region size 1024K, 6 young (6144K), 6 survivors (6144K)
 Metaspace       used 27541K, capacity 28391K, committed 28672K, reserved 1075200K
  class space    used 2914K, capacity 3295K, committed 3328K, reserved 1048576K
}
Event: 47.458 GC heap before
{Heap before GC invocations=10 (full 0):
 garbage-first heap   total 131072K, used 96921K [0x0000000081800000, 0x0000000100000000)
  region size 1024K, 66 young (67584K), 6 survivors (6144K)
 Metaspace       used 32615K, capacity 33588K, committed 33664K, reserved 1079296K
  class space    used 3517K, capacity 3938K, committed 3968K, reserved 1048576K
}
Event: 47.481 GC heap after
{Heap after GC invocations=11 (full 0):
 garbage-first heap   total 131072K, used 43073K [0x0000000081800000, 0x0000000100000000)
  region size 1024K, 8 young (8192K), 8 survivors (8192K)
 Metaspace       used 32615K, capacity 33588K, committed 33664K, reserved 1079296K
  class space    used 3517K, capacity 3938K, committed 3968K, reserved 1048576K
}
Event: 50.918 GC heap before
{Heap before GC invocations=11 (full 0):
 garbage-first heap   total 131072K, used 76865K [0x0000000081800000, 0x0000000100000000)
  region size 1024K, 42 young (43008K), 8 survivors (8192K)
 Metaspace       used 34610K, capacity 35554K, committed 35628K, reserved 1081344K
  class space    used 3769K, capacity 4195K, committed 4224K, reserved 1048576K
}
Event: 50.942 GC heap after
{Heap after GC invocations=12 (full 0):
 garbage-first heap   total 131072K, used 46243K [0x0000000081800000, 0x0000000100000000)
  region size 1024K, 4 young (4096K), 4 survivors (4096K)
 Metaspace       used 34610K, capacity 35554K, committed 35628K, reserved 1081344K
  class space    used 3769K, capacity 4195K, committed 4224K, reserved 1048576K
}
Event: 65.707 GC heap before
{Heap before GC invocations=13 (full 0):
 garbage-first heap   total 131072K, used 100515K [0x0000000081800000, 0x0000000100000000)
  region size 1024K, 57 young (58368K), 4 survivors (4096K)
 Metaspace       used 36664K, capacity 37760K, committed 38008K, reserved 1083392K
  class space    used 4050K, capacity 4529K, committed 4556K, reserved 1048576K
}
Event: 65.730 GC heap after
{Heap after GC invocations=14 (full 0):
 garbage-first heap   total 131072K, used 49601K [0x0000000081800000, 0x0000000100000000)
  region size 1024K, 7 young (7168K), 7 survivors (7168K)
 Metaspace       used 36664K, capacity 37760K, committed 38008K, reserved 1083392K
  class space    used 4050K, capacity 4529K, committed 4556K, reserved 1048576K
}
Event: 84.299 GC heap before
{Heap before GC invocations=15 (full 0):
 garbage-first heap   total 131072K, used 112065K [0x0000000081800000, 0x0000000100000000)
  region size 1024K, 59 young (60416K), 7 survivors (7168K)
 Metaspace       used 38901K, capacity 40100K, committed 40184K, reserved 1085440K
  class space    used 4382K, capacity 4862K, committed 4940K, reserved 1048576K
}
Event: 84.320 GC heap after
{Heap after GC invocations=16 (full 0):
 garbage-first heap   total 131072K, used 63725K [0x0000000081800000, 0x0000000100000000)
  region size 1024K, 8 young (8192K), 8 survivors (8192K)
 Metaspace       used 38901K, capacity 40100K, committed 40184K, reserved 1085440K
  class space    used 4382K, capacity 4862K, committed 4940K, reserved 1048576K
}

