# JRE version: Java(TM) SE Runtime Environment 18.9 (11.0.14+8) (build 11.0.14+8-LTS-263)
# Java VM: Java HotSpot(TM) 64-Bit Server VM 18.9 (11.0.14+8-LTS-263, mixed mode, tiered, compressed oops, g1 gc, windows-amd64)
Heap:
 garbage-first heap   total 157696K, used 78119K [0x0000000081800000, 0x0000000100000000)
  region size 1024K, 24 young (24576K), 9 survivors (9216K)
 Metaspace       used 40608K, capacity 41793K, committed 41976K, reserved 1085440K
  class space    used 4553K, capacity 5069K, committed 5196K, reserved 1048576K
GC Heap History (10 events):
Event: 23.906 GC heap before
{Heap before GC invocations=8 (full 0):
 garbage-first heap   total 131072K, used 92466K [0x0000000081800000, 0x0000000100000000)
  region size 1024K, 65 young (66560K), 7 survivors (7168K)
 Metaspace       used 26646K, capacity 27382K, committed 27520K, reserved 1073152K
  class space    used 2770K, capacity 3102K, committed 3200K, reserved 1048576K
}
Event: 23.936 GC heap after
{Heap after GC invocations=9 (full 0):
 garbage-first heap   total 131072K, used 38156K [0x0000000081800000, 0x0000000100000000)
  region size 1024K, 9 young (9216K), 9 survivors (9216K)
 Metaspace       used 26646K, capacity 27382K, committed 27520K, reserved 1073152K
  class space    used 2770K, capacity 3102K, committed 3200K, reserved 1048576K
}
Event: 32.738 GC heap before
{Heap before GC invocations=9 (full 0):
 garbage-first heap   total 131072K, used 95500K [0x0000000081800000, 0x0000000100000000)
  region size 1024K, 65 young (66560K), 9 survivors (9216K)
 Metaspace       used 31270K, capacity 32128K, committed 32384K, reserved 1077248K
  class space    used 3321K, capacity 3705K, committed 3712K, reserved 1048576K
}
Event: 32.777 GC heap after
{Heap after GC invocations=10 (full 0):
 garbage-first heap   total 157696K, used 44210K [0x0000000081800000, 0x0000000100000000)
  region size 1024K, 6 young (6144K), 6 survivors (6144K)
 Metaspace       used 31270K, capacity 32128K, committed 32384K, reserved 1077248K
  class space    used 3321K, capacity 3705K, committed 3712K, reserved 1048576K
}
Event: 36.333 GC heap before
{Heap before GC invocations=10 (full 0):
 garbage-first heap   total 157696K, used 101554K [0x0000000081800000, 0x0000000100000000)
  region size 1024K, 63 young (64512K), 6 survivors (6144K)
 Metaspace       used 34518K, capacity 35470K, committed 35628K, reserved 1081344K
  class space    used 3747K, capacity 4165K, committed 4224K, reserved 1048576K
}
Event: 36.364 GC heap after
{Heap after GC invocations=11 (full 0):
 garbage-first heap   total 157696K, used 49561K [0x0000000081800000, 0x0000000100000000)
  region size 1024K, 6 young (6144K), 6 survivors (6144K)
 Metaspace       used 34518K, capacity 35470K, committed 35628K, reserved 1081344K
  class space    used 3747K, capacity 4165K, committed 4224K, reserved 1048576K
}
Event: 47.944 GC heap before
{Heap before GC invocations=12 (full 0):
 garbage-first heap   total 157696K, used 120217K [0x0000000081800000, 0x0000000100000000)
  region size 1024K, 70 young (71680K), 6 survivors (6144K)
 Metaspace       used 37316K, capacity 38313K, committed 38648K, reserved 1083392K
  class space    used 4139K, capacity 4585K, committed 4684K, reserved 1048576K
}
Event: 47.975 GC heap after
{Heap after GC invocations=13 (full 0):
 garbage-first heap   total 157696K, used 59782K [0x0000000081800000, 0x0000000100000000)
  region size 1024K, 5 young (5120K), 5 survivors (5120K)
 Metaspace       used 37316K, capacity 38313K, committed 38648K, reserved 1083392K
  class space    used 4139K, capacity 4585K, committed 4684K, reserved 1048576K
}
Event: 99.628 GC heap before
{Heap before GC invocations=14 (full 0):
 garbage-first heap   total 157696K, used 121222K [0x0000000081800000, 0x0000000100000000)
  region size 1024K, 65 young (66560K), 5 survivors (5120K)
 Metaspace       used 40040K, capacity 41166K, committed 41336K, reserved 1085440K
  class space    used 4485K, capacity 4986K, committed 5068K, reserved 1048576K
}
Event: 99.657 GC heap after
{Heap after GC invocations=15 (full 0):
 garbage-first heap   total 157696K, used 63783K [0x0000000081800000, 0x0000000100000000)
  region size 1024K, 9 young (9216K), 9 survivors (9216K)
 Metaspace       used 40040K, capacity 41166K, committed 41336K, reserved 1085440K
  class space    used 4485K, capacity 4986K, committed 5068K, reserved 1048576K
}

