# JRE version: Java(TM) SE Runtime Environment 18.9 (11.0.14+8) (build 11.0.14+8-LTS-263)
# Java VM: Java HotSpot(TM) 64-Bit Server VM 18.9 (11.0.14+8-LTS-263, mixed mode, tiered, compressed oops, g1 gc, windows-amd64)
Heap:
 garbage-first heap   total 131072K, used 89782K [0x0000000081800000, 0x0000000100000000)
  region size 1024K, 31 young (31744K), 7 survivors (7168K)
 Metaspace       used 41464K, capacity 42823K, committed 43008K, reserved 1087488K
  class space    used 4700K, capacity 5267K, committed 5376K, reserved 1048576K
GC Heap History (10 events):
Event: 33.271 GC heap before
{Heap before GC invocations=9 (full 0):
 garbage-first heap   total 131072K, used 97367K [0x0000000081800000, 0x0000000100000000)
  region size 1024K, 70 young (71680K), 9 survivors (9216K)
 Metaspace       used 29863K, capacity 30871K, committed 31104K, reserved 1077248K
  class space    used 3215K, capacity 3662K, committed 3712K, reserved 1048576K
}
Event: 33.302 GC heap after
{Heap after GC invocations=10 (full 0):
 garbage-first heap   total 131072K, used 40384K [0x0000000081800000, 0x0000000100000000)
  region size 1024K, 6 young (6144K), 6 survivors (6144K)
 Metaspace       used 29863K, capacity 30871K, committed 31104K, reserved 1077248K
  class space    used 3215K, capacity 3662K, committed 3712K, reserved 1048576K
}
Event: 36.533 GC heap before
{Heap before GC invocations=10 (full 0):
 garbage-first heap   total 131072K, used 91584K [0x0000000081800000, 0x0000000100000000)
  region size 1024K, 57 young (58368K), 6 survivors (6144K)
 Metaspace       used 34693K, capacity 35769K, committed 35840K, reserved 1081344K
  class space    used 3761K, capacity 4205K, committed 4224K, reserved 1048576K
}
Event: 36.556 GC heap after
{Heap after GC invocations=11 (full 0):
 garbage-first heap   total 131072K, used 45382K [0x0000000081800000, 0x0000000100000000)
  region size 1024K, 5 young (5120K), 5 survivors (5120K)
 Metaspace       used 34693K, capacity 35769K, committed 35840K, reserved 1081344K
  class space    used 3761K, capacity 4205K, committed 4224K, reserved 1048576K
}
Event: 38.647 GC heap before
{Heap before GC invocations=12 (full 0):
 garbage-first heap   total 131072K, used 100678K [0x0000000081800000, 0x0000000100000000)
  region size 1024K, 59 young (60416K), 5 survivors (5120K)
 Metaspace       used 36622K, capacity 37806K, committed 37888K, reserved 1083392K
  class space    used 4075K, capacity 4592K, committed 4608K, reserved 1048576K
}
Event: 38.666 GC heap after
{Heap after GC invocations=13 (full 0):
 garbage-first heap   total 131072K, used 49397K [0x0000000081800000, 0x0000000100000000)
  region size 1024K, 4 young (4096K), 4 survivors (4096K)
 Metaspace       used 36622K, capacity 37806K, committed 37888K, reserved 1083392K
  class space    used 4075K, capacity 4592K, committed 4608K, reserved 1048576K
}
Event: 48.050 GC heap before
{Heap before GC invocations=13 (full 0):
 garbage-first heap   total 131072K, used 112885K [0x0000000081800000, 0x0000000100000000)
  region size 1024K, 56 young (57344K), 4 survivors (4096K)
 Metaspace       used 38997K, capacity 40204K, committed 40320K, reserved 1085440K
  class space    used 4391K, capacity 4902K, committed 4992K, reserved 1048576K
}
Event: 48.072 GC heap after
{Heap after GC invocations=14 (full 0):
 garbage-first heap   total 131072K, used 63465K [0x0000000081800000, 0x0000000100000000)
  region size 1024K, 7 young (7168K), 7 survivors (7168K)
 Metaspace       used 38997K, capacity 40204K, committed 40320K, reserved 1085440K
  class space    used 4391K, capacity 4902K, committed 4992K, reserved 1048576K
}
Event: 150.318 GC heap before
{Heap before GC invocations=14 (full 0):
 garbage-first heap   total 131072K, used 105449K [0x0000000081800000, 0x0000000100000000)
  region size 1024K, 49 young (50176K), 7 survivors (7168K)
 Metaspace       used 40601K, capacity 41847K, committed 42112K, reserved 1085440K
  class space    used 4596K, capacity 5150K, committed 5248K, reserved 1048576K
}
Event: 150.351 GC heap after
{Heap after GC invocations=15 (full 0):
 garbage-first heap   total 131072K, used 66230K [0x0000000081800000, 0x0000000100000000)
  region size 1024K, 7 young (7168K), 7 survivors (7168K)
 Metaspace       used 40601K, capacity 41847K, committed 42112K, reserved 1085440K
  class space    used 4596K, capacity 5150K, committed 5248K, reserved 1048576K
}

