# JRE version: Java(TM) SE Runtime Environment 18.9 (11.0.14+8) (build 11.0.14+8-LTS-263)
# Java VM: Java HotSpot(TM) 64-Bit Server VM 18.9 (11.0.14+8-LTS-263, mixed mode, tiered, compressed oops, g1 gc, windows-amd64)
Heap:
 garbage-first heap   total 189440K, used 120989K [0x0000000081800000, 0x0000000100000000)
  region size 1024K, 12 young (12288K), 4 survivors (4096K)
 Metaspace       used 55438K, capacity 56932K, committed 57088K, reserved 1099776K
  class space    used 6492K, capacity 7141K, committed 7168K, reserved 1048576K
GC Heap History (10 events):
Event: 122.247 GC heap before
{Heap before GC invocations=26 (full 0):
 garbage-first heap   total 189440K, used 112101K [0x0000000081800000, 0x0000000100000000)
  region size 1024K, 16 young (16384K), 4 survivors (4096K)
 Metaspace       used 52181K, capacity 53673K, committed 53888K, reserved 1095680K
  class space    used 6054K, capacity 6695K, committed 6784K, reserved 1048576K
}
Event: 122.252 GC heap after
{Heap after GC invocations=27 (full 0):
 garbage-first heap   total 189440K, used 99187K [0x0000000081800000, 0x0000000100000000)
  region size 1024K, 3 young (3072K), 3 survivors (3072K)
 Metaspace       used 52181K, capacity 53673K, committed 53888K, reserved 1095680K
  class space    used 6054K, capacity 6695K, committed 6784K, reserved 1048576K
}
Event: 123.343 GC heap before
{Heap before GC invocations=28 (full 0):
 garbage-first heap   total 189440K, used 116595K [0x0000000081800000, 0x0000000100000000)
  region size 1024K, 6 young (6144K), 3 survivors (3072K)
 Metaspace       used 52224K, capacity 53673K, committed 53888K, reserved 1095680K
  class space    used 6055K, capacity 6695K, committed 6784K, reserved 1048576K
}
Event: 123.348 GC heap after
{Heap after GC invocations=29 (full 0):
 garbage-first heap   total 189440K, used 100274K [0x0000000081800000, 0x0000000100000000)
  region size 1024K, 3 young (3072K), 3 survivors (3072K)
 Metaspace       used 52224K, capacity 53673K, committed 53888K, reserved 1095680K
  class space    used 6055K, capacity 6695K, committed 6784K, reserved 1048576K
}
Event: 124.667 GC heap before
{Heap before GC invocations=30 (full 0):
 garbage-first heap   total 189440K, used 119730K [0x0000000081800000, 0x0000000100000000)
  region size 1024K, 7 young (7168K), 3 survivors (3072K)
 Metaspace       used 52273K, capacity 53740K, committed 53888K, reserved 1095680K
  class space    used 6056K, capacity 6696K, committed 6784K, reserved 1048576K
}
Event: 124.672 GC heap after
{Heap after GC invocations=31 (full 0):
 garbage-first heap   total 189440K, used 100925K [0x0000000081800000, 0x0000000100000000)
  region size 1024K, 3 young (3072K), 3 survivors (3072K)
 Metaspace       used 52273K, capacity 53740K, committed 53888K, reserved 1095680K
  class space    used 6056K, capacity 6696K, committed 6784K, reserved 1048576K
}
Event: 126.576 GC heap before
{Heap before GC invocations=32 (full 0):
 garbage-first heap   total 189440K, used 159293K [0x0000000081800000, 0x0000000100000000)
  region size 1024K, 44 young (45056K), 3 survivors (3072K)
 Metaspace       used 53595K, capacity 55108K, committed 55296K, reserved 1097728K
  class space    used 6214K, capacity 6882K, committed 6912K, reserved 1048576K
}
Event: 126.589 GC heap after
{Heap after GC invocations=33 (full 0):
 garbage-first heap   total 189440K, used 103175K [0x0000000081800000, 0x0000000100000000)
  region size 1024K, 4 young (4096K), 4 survivors (4096K)
 Metaspace       used 53595K, capacity 55108K, committed 55296K, reserved 1097728K
  class space    used 6214K, capacity 6882K, committed 6912K, reserved 1048576K
}
Event: 128.358 GC heap before
{Heap before GC invocations=33 (full 0):
 garbage-first heap   total 189440K, used 147207K [0x0000000081800000, 0x0000000100000000)
  region size 1024K, 47 young (48128K), 4 survivors (4096K)
 Metaspace       used 54994K, capacity 56502K, committed 56832K, reserved 1099776K
  class space    used 6442K, capacity 7084K, committed 7168K, reserved 1048576K
}
Event: 128.369 GC heap after
{Heap after GC invocations=34 (full 0):
 garbage-first heap   total 189440K, used 102557K [0x0000000081800000, 0x0000000100000000)
  region size 1024K, 4 young (4096K), 4 survivors (4096K)
 Metaspace       used 54994K, capacity 56502K, committed 56832K, reserved 1099776K
  class space    used 6442K, capacity 7084K, committed 7168K, reserved 1048576K
}

