# JRE version: Java(TM) SE Runtime Environment 18.9 (11.0.14+8) (build 11.0.14+8-LTS-263)
# Java VM: Java HotSpot(TM) 64-Bit Server VM 18.9 (11.0.14+8-LTS-263, mixed mode, tiered, compressed oops, g1 gc, windows-amd64)
Heap:
 garbage-first heap   total 131072K, used 98570K [0x0000000081800000, 0x0000000100000000)
  region size 1024K, 28 young (28672K), 2 survivors (2048K)
 Metaspace       used 41188K, capacity 42487K, committed 42956K, reserved 1087488K
  class space    used 4664K, capacity 5199K, committed 5324K, reserved 1048576K
GC Heap History (10 events):
Event: 33.367 GC heap before
{Heap before GC invocations=12 (full 0):
 garbage-first heap   total 131072K, used 65659K [0x0000000081800000, 0x0000000100000000)
  region size 1024K, 29 young (29696K), 8 survivors (8192K)
 Metaspace       used 34780K, capacity 35775K, committed 35840K, reserved 1081344K
  class space    used 3776K, capacity 4203K, committed 4224K, reserved 1048576K
}
Event: 33.390 GC heap after
{Heap after GC invocations=13 (full 0):
 garbage-first heap   total 131072K, used 48199K [0x0000000081800000, 0x0000000100000000)
  region size 1024K, 3 young (3072K), 3 survivors (3072K)
 Metaspace       used 34780K, capacity 35775K, committed 35840K, reserved 1081344K
  class space    used 3776K, capacity 4203K, committed 4224K, reserved 1048576K
}
Event: 35.185 GC heap before
{Heap before GC invocations=14 (full 0):
 garbage-first heap   total 131072K, used 87111K [0x0000000081800000, 0x0000000100000000)
  region size 1024K, 41 young (41984K), 3 survivors (3072K)
 Metaspace       used 36172K, capacity 37448K, committed 37708K, reserved 1083392K
  class space    used 4030K, capacity 4559K, committed 4684K, reserved 1048576K
}
Event: 35.207 GC heap after
{Heap after GC invocations=15 (full 0):
 garbage-first heap   total 131072K, used 50180K [0x0000000081800000, 0x0000000100000000)
  region size 1024K, 5 young (5120K), 5 survivors (5120K)
 Metaspace       used 36172K, capacity 37448K, committed 37708K, reserved 1083392K
  class space    used 4030K, capacity 4559K, committed 4684K, reserved 1048576K
}
Event: 39.674 GC heap before
{Heap before GC invocations=15 (full 0):
 garbage-first heap   total 131072K, used 90116K [0x0000000081800000, 0x0000000100000000)
  region size 1024K, 44 young (45056K), 5 survivors (5120K)
 Metaspace       used 37817K, capacity 39161K, committed 39500K, reserved 1083392K
  class space    used 4256K, capacity 4825K, committed 4940K, reserved 1048576K
}
Event: 39.690 GC heap after
{Heap after GC invocations=16 (full 0):
 garbage-first heap   total 131072K, used 53546K [0x0000000081800000, 0x0000000100000000)
  region size 1024K, 6 young (6144K), 6 survivors (6144K)
 Metaspace       used 37817K, capacity 39161K, committed 39500K, reserved 1083392K
  class space    used 4256K, capacity 4825K, committed 4940K, reserved 1048576K
}
Event: 125.701 GC heap before
{Heap before GC invocations=16 (full 0):
 garbage-first heap   total 131072K, used 109866K [0x0000000081800000, 0x0000000100000000)
  region size 1024K, 46 young (47104K), 6 survivors (6144K)
 Metaspace       used 39623K, capacity 40927K, committed 41036K, reserved 1085440K
  class space    used 4518K, capacity 5093K, committed 5196K, reserved 1048576K
}
Event: 125.719 GC heap after
{Heap after GC invocations=17 (full 0):
 garbage-first heap   total 131072K, used 71842K [0x0000000081800000, 0x0000000100000000)
  region size 1024K, 6 young (6144K), 6 survivors (6144K)
 Metaspace       used 39623K, capacity 40927K, committed 41036K, reserved 1085440K
  class space    used 4518K, capacity 5093K, committed 5196K, reserved 1048576K
}
Event: 206.378 GC heap before
{Heap before GC invocations=17 (full 0):
 garbage-first heap   total 131072K, used 103586K [0x0000000081800000, 0x0000000100000000)
  region size 1024K, 37 young (37888K), 6 survivors (6144K)
 Metaspace       used 40735K, capacity 42053K, committed 42188K, reserved 1085440K
  class space    used 4656K, capacity 5214K, committed 5324K, reserved 1048576K
}
Event: 206.394 GC heap after
{Heap after GC invocations=18 (full 0):
 garbage-first heap   total 131072K, used 72970K [0x0000000081800000, 0x0000000100000000)
  region size 1024K, 2 young (2048K), 2 survivors (2048K)
 Metaspace       used 40735K, capacity 42053K, committed 42188K, reserved 1085440K
  class space    used 4656K, capacity 5214K, committed 5324K, reserved 1048576K
}

