# JRE version: Java(TM) SE Runtime Environment 18.9 (11.0.14+8) (build 11.0.14+8-LTS-263)
# Java VM: Java HotSpot(TM) 64-Bit Server VM 18.9 (11.0.14+8-LTS-263, mixed mode, tiered, compressed oops, g1 gc, windows-amd64)
Heap:
 garbage-first heap   total 131072K, used 23694K [0x0000000081800000, 0x0000000100000000)
  region size 1024K, 15 young (15360K), 2 survivors (2048K)
 Metaspace       used 17578K, capacity 18005K, committed 18176K, reserved 1067008K
  class space    used 1786K, capacity 1954K, committed 2048K, reserved 1048576K
GC Heap History (8 events):
Event: 2.632 GC heap before
{Heap before GC invocations=0 (full 0):
 garbage-first heap   total 131072K, used 15360K [0x0000000081800000, 0x0000000100000000)
  region size 1024K, 14 young (14336K), 0 survivors (0K)
 Metaspace       used 7796K, capacity 7887K, committed 8192K, reserved 1056768K
  class space    used 681K, capacity 710K, committed 768K, reserved 1048576K
}
Event: 2.642 GC heap after
{Heap after GC invocations=1 (full 0):
 garbage-first heap   total 131072K, used 8217K [0x0000000081800000, 0x0000000100000000)
  region size 1024K, 2 young (2048K), 2 survivors (2048K)
 Metaspace       used 7796K, capacity 7887K, committed 8192K, reserved 1056768K
  class space    used 681K, capacity 710K, committed 768K, reserved 1048576K
}
Event: 2.814 GC heap before
{Heap before GC invocations=1 (full 0):
 garbage-first heap   total 131072K, used 14361K [0x0000000081800000, 0x0000000100000000)
  region size 1024K, 8 young (8192K), 2 survivors (2048K)
 Metaspace       used 8250K, capacity 8341K, committed 8576K, reserved 1056768K
  class space    used 733K, capacity 777K, committed 896K, reserved 1048576K
}
Event: 2.819 GC heap after
{Heap after GC invocations=2 (full 0):
 garbage-first heap   total 131072K, used 9897K [0x0000000081800000, 0x0000000100000000)
  region size 1024K, 1 young (1024K), 1 survivors (1024K)
 Metaspace       used 8250K, capacity 8341K, committed 8576K, reserved 1056768K
  class space    used 733K, capacity 777K, committed 896K, reserved 1048576K
}
Event: 10.659 GC heap before
{Heap before GC invocations=2 (full 0):
 garbage-first heap   total 131072K, used 28329K [0x0000000081800000, 0x0000000100000000)
  region size 1024K, 19 young (19456K), 1 survivors (1024K)
 Metaspace       used 13219K, capacity 13424K, committed 13696K, reserved 1060864K
  class space    used 1247K, capacity 1329K, committed 1408K, reserved 1048576K
}
Event: 10.666 GC heap after
{Heap after GC invocations=3 (full 0):
 garbage-first heap   total 131072K, used 11014K [0x0000000081800000, 0x0000000100000000)
  region size 1024K, 3 young (3072K), 3 survivors (3072K)
 Metaspace       used 13219K, capacity 13424K, committed 13696K, reserved 1060864K
  class space    used 1247K, capacity 1329K, committed 1408K, reserved 1048576K
}
Event: 11.374 GC heap before
{Heap before GC invocations=3 (full 0):
 garbage-first heap   total 131072K, used 39686K [0x0000000081800000, 0x0000000100000000)
  region size 1024K, 31 young (31744K), 3 survivors (3072K)
 Metaspace       used 15780K, capacity 16048K, committed 16256K, reserved 1064960K
  class space    used 1529K, capacity 1649K, committed 1664K, reserved 1048576K
}
Event: 11.381 GC heap after
{Heap after GC invocations=4 (full 0):
 garbage-first heap   total 131072K, used 11406K [0x0000000081800000, 0x0000000100000000)
  region size 1024K, 2 young (2048K), 2 survivors (2048K)
 Metaspace       used 15780K, capacity 16048K, committed 16256K, reserved 1064960K
  class space    used 1529K, capacity 1649K, committed 1664K, reserved 1048576K
}

