# JRE version: Java(TM) SE Runtime Environment 18.9 (11.0.14+8) (build 11.0.14+8-LTS-263)
# Java VM: Java HotSpot(TM) 64-Bit Server VM 18.9 (11.0.14+8-LTS-263, mixed mode, tiered, compressed oops, g1 gc, windows-amd64)
Heap:
 garbage-first heap   total 131072K, used 36864K [0x0000000081800000, 0x0000000100000000)
  region size 1024K, 13 young (13312K), 3 survivors (3072K)
 Metaspace       used 18618K, capacity 18912K, committed 19072K, reserved 1067008K
  class space    used 1693K, capacity 1794K, committed 1920K, reserved 1048576K
GC Heap History (8 events):
Event: 2.841 GC heap before
{Heap before GC invocations=0 (full 0):
 garbage-first heap   total 131072K, used 15360K [0x0000000081800000, 0x0000000100000000)
  region size 1024K, 14 young (14336K), 0 survivors (0K)
 Metaspace       used 7221K, capacity 7372K, committed 7680K, reserved 1056768K
  class space    used 645K, capacity 691K, committed 768K, reserved 1048576K
}
Event: 2.852 GC heap after
{Heap after GC invocations=1 (full 0):
 garbage-first heap   total 131072K, used 10281K [0x0000000081800000, 0x0000000100000000)
  region size 1024K, 2 young (2048K), 2 survivors (2048K)
 Metaspace       used 7221K, capacity 7372K, committed 7680K, reserved 1056768K
  class space    used 645K, capacity 691K, committed 768K, reserved 1048576K
}
Event: 3.363 GC heap before
{Heap before GC invocations=1 (full 0):
 garbage-first heap   total 131072K, used 16425K [0x0000000081800000, 0x0000000100000000)
  region size 1024K, 8 young (8192K), 2 survivors (2048K)
 Metaspace       used 7984K, capacity 8157K, committed 8192K, reserved 1056768K
  class space    used 711K, capacity 760K, committed 768K, reserved 1048576K
}
Event: 3.367 GC heap after
{Heap after GC invocations=2 (full 0):
 garbage-first heap   total 131072K, used 10112K [0x0000000081800000, 0x0000000100000000)
  region size 1024K, 1 young (1024K), 1 survivors (1024K)
 Metaspace       used 7984K, capacity 8157K, committed 8192K, reserved 1056768K
  class space    used 711K, capacity 760K, committed 768K, reserved 1048576K
}
Event: 5.638 GC heap before
{Heap before GC invocations=2 (full 0):
 garbage-first heap   total 131072K, used 40832K [0x0000000081800000, 0x0000000100000000)
  region size 1024K, 31 young (31744K), 1 survivors (1024K)
 Metaspace       used 12016K, capacity 12203K, committed 12288K, reserved 1060864K
  class space    used 1138K, capacity 1217K, committed 1280K, reserved 1048576K
}
Event: 5.641 GC heap after
{Heap after GC invocations=3 (full 0):
 garbage-first heap   total 131072K, used 10747K [0x0000000081800000, 0x0000000100000000)
  region size 1024K, 1 young (1024K), 1 survivors (1024K)
 Metaspace       used 12016K, capacity 12203K, committed 12288K, reserved 1060864K
  class space    used 1138K, capacity 1217K, committed 1280K, reserved 1048576K
}
Event: 14.871 GC heap before
{Heap before GC invocations=3 (full 0):
 garbage-first heap   total 131072K, used 83451K [0x0000000081800000, 0x0000000100000000)
  region size 1024K, 72 young (73728K), 1 survivors (1024K)
 Metaspace       used 18030K, capacity 18239K, committed 18432K, reserved 1067008K
  class space    used 1662K, capacity 1762K, committed 1792K, reserved 1048576K
}
Event: 14.934 GC heap after
{Heap after GC invocations=4 (full 0):
 garbage-first heap   total 131072K, used 24668K [0x0000000081800000, 0x0000000100000000)
  region size 1024K, 9 young (9216K), 9 survivors (9216K)
 Metaspace       used 18030K, capacity 18239K, committed 18432K, reserved 1067008K
  class space    used 1662K, capacity 1762K, committed 1792K, reserved 1048576K
}

