# JRE version: Java(TM) SE Runtime Environment 18.9 (11.0.14+8) (build 11.0.14+8-LTS-263)
# Java VM: Java HotSpot(TM) 64-Bit Server VM 18.9 (11.0.14+8-LTS-263, mixed mode, tiered, compressed oops, g1 gc, windows-amd64)
Heap:
 garbage-first heap   total 157696K, used 123694K [0x0000000081800000, 0x0000000100000000)
  region size 1024K, 62 young (63488K), 8 survivors (8192K)
 Metaspace       used 41947K, capacity 43142K, committed 43384K, reserved 1087488K
  class space    used 4781K, capacity 5279K, committed 5324K, reserved 1048576K
GC Heap History (10 events):
Event: 24.202 GC heap before
{Heap before GC invocations=8 (full 0):
 garbage-first heap   total 131072K, used 91460K [0x0000000081800000, 0x0000000100000000)
  region size 1024K, 66 young (67584K), 6 survivors (6144K)
 Metaspace       used 26920K, capacity 27720K, committed 27776K, reserved 1073152K
  class space    used 2799K, capacity 3148K, committed 3200K, reserved 1048576K
}
Event: 24.232 GC heap after
{Heap after GC invocations=9 (full 0):
 garbage-first heap   total 131072K, used 35172K [0x0000000081800000, 0x0000000100000000)
  region size 1024K, 9 young (9216K), 9 survivors (9216K)
 Metaspace       used 26920K, capacity 27720K, committed 27776K, reserved 1073152K
  class space    used 2799K, capacity 3148K, committed 3200K, reserved 1048576K
}
Event: 27.348 GC heap before
{Heap before GC invocations=9 (full 0):
 garbage-first heap   total 131072K, used 95588K [0x0000000081800000, 0x0000000100000000)
  region size 1024K, 68 young (69632K), 9 survivors (9216K)
 Metaspace       used 31535K, capacity 32469K, committed 32768K, reserved 1079296K
  class space    used 3354K, capacity 3751K, committed 3840K, reserved 1048576K
}
Event: 27.389 GC heap after
{Heap after GC invocations=10 (full 0):
 garbage-first heap   total 131072K, used 41390K [0x0000000081800000, 0x0000000100000000)
  region size 1024K, 7 young (7168K), 7 survivors (7168K)
 Metaspace       used 31535K, capacity 32469K, committed 32768K, reserved 1079296K
  class space    used 3354K, capacity 3751K, committed 3840K, reserved 1048576K
}
Event: 30.960 GC heap before
{Heap before GC invocations=10 (full 0):
 garbage-first heap   total 131072K, used 91566K [0x0000000081800000, 0x0000000100000000)
  region size 1024K, 57 young (58368K), 7 survivors (7168K)
 Metaspace       used 34568K, capacity 35582K, committed 35628K, reserved 1081344K
  class space    used 3758K, capacity 4178K, committed 4224K, reserved 1048576K
}
Event: 30.990 GC heap after
{Heap after GC invocations=11 (full 0):
 garbage-first heap   total 157696K, used 46350K [0x0000000081800000, 0x0000000100000000)
  region size 1024K, 5 young (5120K), 5 survivors (5120K)
 Metaspace       used 34568K, capacity 35582K, committed 35628K, reserved 1081344K
  class space    used 3758K, capacity 4178K, committed 4224K, reserved 1048576K
}
Event: 44.761 GC heap before
{Heap before GC invocations=12 (full 0):
 garbage-first heap   total 157696K, used 120078K [0x0000000081800000, 0x0000000100000000)
  region size 1024K, 72 young (73728K), 5 survivors (5120K)
 Metaspace       used 37459K, capacity 38584K, committed 38904K, reserved 1083392K
  class space    used 4165K, capacity 4630K, committed 4684K, reserved 1048576K
}
Event: 44.790 GC heap after
{Heap after GC invocations=13 (full 0):
 garbage-first heap   total 157696K, used 56140K [0x0000000081800000, 0x0000000100000000)
  region size 1024K, 9 young (9216K), 9 survivors (9216K)
 Metaspace       used 37459K, capacity 38584K, committed 38904K, reserved 1083392K
  class space    used 4165K, capacity 4630K, committed 4684K, reserved 1048576K
}
Event: 59.573 GC heap before
{Heap before GC invocations=13 (full 0):
 garbage-first heap   total 157696K, used 120652K [0x0000000081800000, 0x0000000100000000)
  region size 1024K, 72 young (73728K), 9 survivors (9216K)
 Metaspace       used 39774K, capacity 40979K, committed 41080K, reserved 1085440K
  class space    used 4463K, capacity 4983K, committed 5068K, reserved 1048576K
}
Event: 59.616 GC heap after
{Heap after GC invocations=14 (full 0):
 garbage-first heap   total 157696K, used 64302K [0x0000000081800000, 0x0000000100000000)
  region size 1024K, 8 young (8192K), 8 survivors (8192K)
 Metaspace       used 39774K, capacity 40979K, committed 41080K, reserved 1085440K
  class space    used 4463K, capacity 4983K, committed 5068K, reserved 1048576K
}

