# JRE version: Java(TM) SE Runtime Environment 18.9 (11.0.14+8) (build 11.0.14+8-LTS-263)
# Java VM: Java HotSpot(TM) 64-Bit Server VM 18.9 (11.0.14+8-LTS-263, mixed mode, tiered, compressed oops, g1 gc, windows-amd64)
Heap:
 garbage-first heap   total 157696K, used 110690K [0x0000000081800000, 0x0000000100000000)
  region size 1024K, 17 young (17408K), 5 survivors (5120K)
 Metaspace       used 50636K, capacity 52052K, committed 52096K, reserved 1099776K
  class space    used 5866K, capacity 6491K, committed 6528K, reserved 1048576K
GC Heap History (10 events):
Event: 41.219 GC heap before
{Heap before GC invocations=19 (full 0):
 garbage-first heap   total 157696K, used 124341K [0x0000000081800000, 0x0000000100000000)
  region size 1024K, 58 young (59392K), 6 survivors (6144K)
 Metaspace       used 44142K, capacity 45402K, committed 45696K, reserved 1089536K
  class space    used 4919K, capacity 5462K, committed 5504K, reserved 1048576K
}
Event: 41.239 GC heap after
{Heap after GC invocations=20 (full 0):
 garbage-first heap   total 157696K, used 76131K [0x0000000081800000, 0x0000000100000000)
  region size 1024K, 5 young (5120K), 5 survivors (5120K)
 Metaspace       used 44142K, capacity 45402K, committed 45696K, reserved 1089536K
  class space    used 4919K, capacity 5462K, committed 5504K, reserved 1048576K
}
Event: 47.392 GC heap before
{Heap before GC invocations=20 (full 0):
 garbage-first heap   total 157696K, used 127331K [0x0000000081800000, 0x0000000100000000)
  region size 1024K, 55 young (56320K), 5 survivors (5120K)
 Metaspace       used 46614K, capacity 48059K, committed 48256K, reserved 1091584K
  class space    used 5266K, capacity 5913K, committed 6016K, reserved 1048576K
}
Event: 47.411 GC heap after
{Heap after GC invocations=21 (full 0):
 garbage-first heap   total 157696K, used 80204K [0x0000000081800000, 0x0000000100000000)
  region size 1024K, 4 young (4096K), 4 survivors (4096K)
 Metaspace       used 46614K, capacity 48059K, committed 48256K, reserved 1091584K
  class space    used 5266K, capacity 5913K, committed 6016K, reserved 1048576K
}
Event: 48.944 GC heap before
{Heap before GC invocations=22 (full 0):
 garbage-first heap   total 157696K, used 105804K [0x0000000081800000, 0x0000000100000000)
  region size 1024K, 31 young (31744K), 4 survivors (4096K)
 Metaspace       used 47659K, capacity 49042K, committed 49408K, reserved 1093632K
  class space    used 5411K, capacity 6020K, committed 6144K, reserved 1048576K
}
Event: 48.959 GC heap after
{Heap after GC invocations=23 (full 0):
 garbage-first heap   total 157696K, used 82953K [0x0000000081800000, 0x0000000100000000)
  region size 1024K, 3 young (3072K), 3 survivors (3072K)
 Metaspace       used 47659K, capacity 49042K, committed 49408K, reserved 1093632K
  class space    used 5411K, capacity 6020K, committed 6144K, reserved 1048576K
}
Event: 56.778 GC heap before
{Heap before GC invocations=24 (full 0):
 garbage-first heap   total 157696K, used 134153K [0x0000000081800000, 0x0000000100000000)
  region size 1024K, 43 young (44032K), 3 survivors (3072K)
 Metaspace       used 49169K, capacity 50642K, committed 50816K, reserved 1093632K
  class space    used 5626K, capacity 6256K, committed 6272K, reserved 1048576K
}
Event: 56.792 GC heap after
{Heap after GC invocations=25 (full 0):
 garbage-first heap   total 157696K, used 95664K [0x0000000081800000, 0x0000000100000000)
  region size 1024K, 5 young (5120K), 5 survivors (5120K)
 Metaspace       used 49169K, capacity 50642K, committed 50816K, reserved 1093632K
  class space    used 5626K, capacity 6256K, committed 6272K, reserved 1048576K
}
Event: 57.143 GC heap before
{Heap before GC invocations=25 (full 0):
 garbage-first heap   total 157696K, used 97712K [0x0000000081800000, 0x0000000100000000)
  region size 1024K, 7 young (7168K), 5 survivors (5120K)
 Metaspace       used 49260K, capacity 50755K, committed 50944K, reserved 1093632K
  class space    used 5641K, capacity 6294K, committed 6400K, reserved 1048576K
}
Event: 57.157 GC heap after
{Heap after GC invocations=26 (full 0):
 garbage-first heap   total 157696K, used 95572K [0x0000000081800000, 0x0000000100000000)
  region size 1024K, 1 young (1024K), 1 survivors (1024K)
 Metaspace       used 49260K, capacity 50755K, committed 50944K, reserved 1093632K
  class space    used 5641K, capacity 6294K, committed 6400K, reserved 1048576K
}

