# JRE version: Java(TM) SE Runtime Environment 18.9 (11.0.14+8) (build 11.0.14+8-LTS-263)
# Java VM: Java HotSpot(TM) 64-Bit Server VM 18.9 (11.0.14+8-LTS-263, mixed mode, tiered, compressed oops, g1 gc, windows-amd64)
Heap:
 garbage-first heap   total 131072K, used 92029K [0x0000000081800000, 0x0000000100000000)
  region size 1024K, 9 young (9216K), 2 survivors (2048K)
 Metaspace       used 48018K, capacity 49382K, committed 49656K, reserved 1093632K
  class space    used 5544K, capacity 6142K, committed 6220K, reserved 1048576K
GC Heap History (10 events):
Event: 63.154 GC heap before
{Heap before GC invocations=26 (full 0):
 garbage-first heap   total 131072K, used 82714K [0x0000000081800000, 0x0000000100000000)
  region size 1024K, 6 young (6144K), 3 survivors (3072K)
 Metaspace       used 45027K, capacity 46235K, committed 46328K, reserved 1089536K
  class space    used 5104K, capacity 5644K, committed 5708K, reserved 1048576K
}
Event: 63.163 GC heap after
{Heap after GC invocations=27 (full 0):
 garbage-first heap   total 131072K, used 79141K [0x0000000081800000, 0x0000000100000000)
  region size 1024K, 1 young (1024K), 1 survivors (1024K)
 Metaspace       used 45027K, capacity 46235K, committed 46328K, reserved 1089536K
  class space    used 5104K, capacity 5644K, committed 5708K, reserved 1048576K
}
Event: 64.373 GC heap before
{Heap before GC invocations=27 (full 0):
 garbage-first heap   total 131072K, used 106789K [0x0000000081800000, 0x0000000100000000)
  region size 1024K, 28 young (28672K), 1 survivors (1024K)
 Metaspace       used 46229K, capacity 47484K, committed 47736K, reserved 1091584K
  class space    used 5264K, capacity 5827K, committed 5836K, reserved 1048576K
}
Event: 64.385 GC heap after
{Heap after GC invocations=28 (full 0):
 garbage-first heap   total 131072K, used 81170K [0x0000000081800000, 0x0000000100000000)
  region size 1024K, 3 young (3072K), 3 survivors (3072K)
 Metaspace       used 46229K, capacity 47484K, committed 47736K, reserved 1091584K
  class space    used 5264K, capacity 5827K, committed 5836K, reserved 1048576K
}
Event: 93.317 GC heap before
{Heap before GC invocations=29 (full 0):
 garbage-first heap   total 131072K, used 107794K [0x0000000081800000, 0x0000000100000000)
  region size 1024K, 29 young (29696K), 3 survivors (3072K)
 Metaspace       used 46777K, capacity 48043K, committed 48120K, reserved 1091584K
  class space    used 5332K, capacity 5907K, committed 5964K, reserved 1048576K
}
Event: 93.346 GC heap after
{Heap after GC invocations=30 (full 0):
 garbage-first heap   total 131072K, used 85285K [0x0000000081800000, 0x0000000100000000)
  region size 1024K, 4 young (4096K), 4 survivors (4096K)
 Metaspace       used 46777K, capacity 48043K, committed 48120K, reserved 1091584K
  class space    used 5332K, capacity 5907K, committed 5964K, reserved 1048576K
}
Event: 93.533 GC heap before
{Heap before GC invocations=30 (full 0):
 garbage-first heap   total 131072K, used 86309K [0x0000000081800000, 0x0000000100000000)
  region size 1024K, 6 young (6144K), 4 survivors (4096K)
 Metaspace       used 46855K, capacity 48139K, committed 48376K, reserved 1091584K
  class space    used 5355K, capacity 5939K, committed 5964K, reserved 1048576K
}
Event: 93.550 GC heap after
{Heap after GC invocations=31 (full 0):
 garbage-first heap   total 131072K, used 85446K [0x0000000081800000, 0x0000000100000000)
  region size 1024K, 1 young (1024K), 1 survivors (1024K)
 Metaspace       used 46855K, capacity 48139K, committed 48376K, reserved 1091584K
  class space    used 5355K, capacity 5939K, committed 5964K, reserved 1048576K
}
Event: 100.835 GC heap before
{Heap before GC invocations=31 (full 0):
 garbage-first heap   total 131072K, used 106950K [0x0000000081800000, 0x0000000100000000)
  region size 1024K, 22 young (22528K), 1 survivors (1024K)
 Metaspace       used 47835K, capacity 49155K, committed 49400K, reserved 1093632K
  class space    used 5523K, capacity 6109K, committed 6220K, reserved 1048576K
}
Event: 100.847 GC heap after
{Heap after GC invocations=32 (full 0):
 garbage-first heap   total 131072K, used 85885K [0x0000000081800000, 0x0000000100000000)
  region size 1024K, 2 young (2048K), 2 survivors (2048K)
 Metaspace       used 47835K, capacity 49155K, committed 49400K, reserved 1093632K
  class space    used 5523K, capacity 6109K, committed 6220K, reserved 1048576K
}

