<?xml version="1.0" encoding="UTF-8"?>
<testsuite name="J:/3. automation testing/day41--selenium -UI elements/AssignmentAnswers/Appolo-Tools/src/test/java/org/example/TestCases/koatlonWebsite.java"
           tests="3"
           failures="0"
           errors="0"
           skipped="0"
           time="4.958">
    <properties></properties>



            <testcase
                name="loginWithValidCredentials"
                time="4.618"
                classname="org.example.TestCases.koatlonWebsite">
            </testcase>
            <testcase
                name="checkUrlOfPage"
                time="0.039"
                classname="org.example.TestCases.koatlonWebsite">
            </testcase>
            <testcase
                name="totalMoneySpentCalculation"
                time="0.301"
                classname="org.example.TestCases.koatlonWebsite">
            </testcase>
</testsuite>
